<?xml version="1.0" encoding="UTF-8"?>
<!-- Generated by org.testng.reporters.JUnitReportReporter -->
<testsuite skipped="0" hostname="DESKTOP-RV8OV7R" name="org.text_box_html.TextBox" tests="1" failures="0" timestamp="10 Dec 2022 10:42:05 GMT" time="4.223" errors="0">
  <testcase name="text" time="4.223" classname="org.text_box_html.TextBox"/>
</testsuite> <!-- org.text_box_html.TextBox -->
